termux-widget/app/build/outputs/logs/manifest-merger-debug-report.txt
-- Merging decision tree log ---
manifest
ADDED from src/main/AndroidManifest.xml:2:1-48:12
INJECTED from src/main/AndroidManifest.xml:2:1-48:12
INJECTED from src/main/AndroidManifest.xml:2:1-48:12
INJECTED from src/main/AndroidManifest.xml:2:1-48:12
INJECTED from src/main/AndroidManifest.xml:2:1-48:12
INJECTED from src/main/AndroidManifest.xml:2:1-48:12
INJECTED from src/main/AndroidManifest.xml:2:1-48:12
	package
		ADDED from src/main/AndroidManifest.xml:4:5-32
		INJECTED from src/main/AndroidManifest.xml
		INJECTED from src/main/AndroidManifest.xml
	android:sharedUserId
		ADDED from src/main/AndroidManifest.xml:5:5-38
	android:versionName
		INJECTED from src/main/AndroidManifest.xml
		ADDED from src/main/AndroidManifest.xml:2:1-48:12
		INJECTED from src/main/AndroidManifest.xml
	xmlns:tools
		ADDED from src/main/AndroidManifest.xml:3:5-51
	android:versionCode
		INJECTED from src/main/AndroidManifest.xml
		ADDED from src/main/AndroidManifest.xml:2:1-48:12
		INJECTED from src/main/AndroidManifest.xml
	xmlns:android
		ADDED from src/main/AndroidManifest.xml:2:11-69
uses-feature#android.hardware.touchscreen
ADDED from src/main/AndroidManifest.xml:7:5-9:36
	android:required
		ADDED from src/main/AndroidManifest.xml:9:9-33
	android:name
		ADDED from src/main/AndroidManifest.xml:8:9-52
application
ADDED from src/main/AndroidManifest.xml:11:5-46:19
	android:label
		ADDED from src/main/AndroidManifest.xml:14:9-41
	tools:ignore
		ADDED from src/main/AndroidManifest.xml:16:9-48
	android:icon
		ADDED from src/main/AndroidManifest.xml:13:9-45
	android:allowBackup
		ADDED from src/main/AndroidManifest.xml:12:9-36
	android:theme
		ADDED from src/main/AndroidManifest.xml:15:9-74
receiver#com.termux.widget.TermuxWidgetProvider
ADDED from src/main/AndroidManifest.xml:17:9-26:20
	android:label
		ADDED from src/main/AndroidManifest.xml:19:13-57
	android:name
		ADDED from src/main/AndroidManifest.xml:18:13-49
intent-filter#action:name:android.appwidget.action.APPWIDGET_UPDATE
ADDED from src/main/AndroidManifest.xml:20:13-22:29
action#android.appwidget.action.APPWIDGET_UPDATE
ADDED from src/main/AndroidManifest.xml:21:17-84
	android:name
		ADDED from src/main/AndroidManifest.xml:21:25-81
meta-data#android.appwidget.provider
ADDED from src/main/AndroidManifest.xml:23:13-25:65
	android:resource
		ADDED from src/main/AndroidManifest.xml:25:17-62
	android:name
		ADDED from src/main/AndroidManifest.xml:24:17-58
activity#com.termux.widget.TermuxCreateShortcutActivity
ADDED from src/main/AndroidManifest.xml:28:9-35:20
	android:label
		ADDED from src/main/AndroidManifest.xml:30:13-57
	android:name
		ADDED from src/main/AndroidManifest.xml:29:13-57
intent-filter#action:name:android.intent.action.CREATE_SHORTCUT+category:name:android.intent.category.DEFAULT
ADDED from src/main/AndroidManifest.xml:31:13-34:29
action#android.intent.action.CREATE_SHORTCUT
ADDED from src/main/AndroidManifest.xml:32:17-80
	android:name
		ADDED from src/main/AndroidManifest.xml:32:25-77
category#android.intent.category.DEFAULT
ADDED from src/main/AndroidManifest.xml:33:17-76
	android:name
		ADDED from src/main/AndroidManifest.xml:33:27-73
activity#com.termux.widget.TermuxLaunchShortcutActivity
ADDED from src/main/AndroidManifest.xml:36:9-40:38
	android:noHistory
		ADDED from src/main/AndroidManifest.xml:38:13-37
	android:exported
		ADDED from src/main/AndroidManifest.xml:40:13-36
	android:theme
		ADDED from src/main/AndroidManifest.xml:39:13-59
	android:name
		ADDED from src/main/AndroidManifest.xml:37:13-57
service#com.termux.widget.TermuxWidgetService
ADDED from src/main/AndroidManifest.xml:42:9-45:72
	android:exported
		ADDED from src/main/AndroidManifest.xml:44:13-37
	android:permission
		ADDED from src/main/AndroidManifest.xml:45:13-69
	android:name
		ADDED from src/main/AndroidManifest.xml:43:13-48
uses-sdk
INJECTED from src/main/AndroidManifest.xml reason: use-sdk injection requested
INJECTED from src/main/AndroidManifest.xml
INJECTED from src/main/AndroidManifest.xml
INJECTED from src/main/AndroidManifest.xml
INJECTED from src/main/AndroidManifest.xml
	android:targetSdkVersion
		INJECTED from src/main/AndroidManifest.xml
		ADDED from src/main/AndroidManifest.xml
		INJECTED from src/main/AndroidManifest.xml
	android:minSdkVersion
		INJECTED from src/main/AndroidManifest.xml
		ADDED from src/main/AndroidManifest.xml
		INJECTED from src/main/AndroidManifest.xml